|Time     | 10.211.55.16                          | Parallel_2f:99:51                     | Parallel_00:00:18                     | fe80::21c:42ff:fe00:18                |
|         |                   | 10.211.55.1       |                   | Broadcast         |                   | 216.97.236.245    |                   | ff02::1           |                   
|0.000    |         Standard query A da           |                   |                   |                   |                   |                   |                   |DNS: Standard query A david.choffnes.com
|         |(63925)  ------------------>  (53)     |                   |                   |                   |                   |                   |                   |
|0.055    |         Standard query resp           |                   |                   |                   |                   |                   |                   |DNS: Standard query response A 216.97.236.245
|         |(63925)  <------------------  (53)     |                   |                   |                   |                   |                   |                   |
|0.071    |                   |                   |         Who has 10.211.55.1           |                   |                   |                   |                   |ARP: Who has 10.211.55.1?  Tell 10.211.55.16
|         |                   |                   |(0)      ------------------>  (0)      |                   |                   |                   |                   |
|0.071    |                   |                   |         10.211.55.1 is at 0           |                   |                   |                   |                   |ARP: 10.211.55.1 is at 00:1c:42:00:00:18
|         |                   |                   |(0)      <--------------------------------------  (0)      |                   |                   |                   |
|1.587    |                   |                   |         Who has 10.211.55.1           |                   |                   |                   |                   |ARP: Who has 10.211.55.1?  Tell 10.211.55.16
|         |                   |                   |(0)      ------------------>  (0)      |                   |                   |                   |                   |
|1.587    |                   |                   |         10.211.55.1 is at 0           |                   |                   |                   |                   |ARP: 10.211.55.1 is at 00:1c:42:00:00:18
|         |                   |                   |(0)      <--------------------------------------  (0)      |                   |                   |                   |
|1.599    |         52670 > http [SYN]            |                   |                   |                   |                   |                   |                   |TCP: 52670 > http [SYN] Seq=0 Win=1536 Len=0
|         |(52670)  -------------------------------------------------------------------------------------------------->  (80)     |                   |                   |
|1.785    |         http > 52670 [SYN,            |                   |                   |                   |                   |                   |                   |TCP: http > 52670 [SYN, ACK] Seq=0 Ack=1 Win=32768 Len=0 MSS=1460 WS=1
|         |(52670)  <--------------------------------------------------------------------------------------------------  (80)     |                   |                   |
|1.787    |         52670 > http [ACK]            |                   |                   |                   |                   |                   |                   |TCP: 52670 > http [ACK] Seq=1 Ack=1 Win=1536 Len=0
|         |(52670)  -------------------------------------------------------------------------------------------------->  (80)     |                   |                   |
|1.795    |         GET / HTTP/1.1                |                   |                   |                   |                   |                   |                   |HTTP: GET / HTTP/1.1 
|         |(52670)  -------------------------------------------------------------------------------------------------->  (80)     |                   |                   |
|1.795    |         http > 52670 [ACK]            |                   |                   |                   |                   |                   |                   |TCP: http > 52670 [ACK] Seq=1 Ack=245 Win=32768 Len=0
|         |(52670)  <--------------------------------------------------------------------------------------------------  (80)     |                   |                   |
|1.916    |         [TCP segment of a r           |                   |                   |                   |                   |                   |                   |TCP: [TCP segment of a reassembled PDU]
|         |(52670)  <--------------------------------------------------------------------------------------------------  (80)     |                   |                   |
|1.927    |         52670 > http [ACK]            |                   |                   |                   |                   |                   |                   |TCP: 52670 > http [ACK] Seq=245 Ack=1375 Win=1536 Len=0
|         |(52670)  -------------------------------------------------------------------------------------------------->  (80)     |                   |                   |
|1.927    |         [TCP segment of a r           |                   |                   |                   |                   |                   |                   |TCP: [TCP segment of a reassembled PDU]
|         |(52670)  <--------------------------------------------------------------------------------------------------  (80)     |                   |                   |
|3.096    |         [TCP Retransmission           |                   |                   |                   |                   |                   |                   |TCP: [TCP Retransmission] [TCP segment of a reassembled PDU]
|         |(52670)  <--------------------------------------------------------------------------------------------------  (80)     |                   |                   |
|3.111    |         52670 > http [ACK]            |                   |                   |                   |                   |                   |                   |TCP: 52670 > http [ACK] Seq=245 Ack=2835 Win=1536 Len=0
|         |(52670)  -------------------------------------------------------------------------------------------------->  (80)     |                   |                   |
|3.111    |         Continuation or non           |                   |                   |                   |                   |                   |                   |HTTP: Continuation or non-HTTP traffic
|         |(52670)  <--------------------------------------------------------------------------------------------------  (80)     |                   |                   |
|5.589    |         [TCP Retransmission           |                   |                   |                   |                   |                   |                   |HTTP: [TCP Retransmission] Continuation or non-HTTP traffic
|         |(52670)  <--------------------------------------------------------------------------------------------------  (80)     |                   |                   |
|5.599    |         52670 > http [ACK]            |                   |                   |                   |                   |                   |                   |TCP: 52670 > http [ACK] Seq=245 Ack=4295 Win=1536 Len=0
|         |(52670)  -------------------------------------------------------------------------------------------------->  (80)     |                   |                   |
|5.599    |         Continuation or non           |                   |                   |                   |                   |                   |                   |HTTP: Continuation or non-HTTP traffic
|         |(52670)  <--------------------------------------------------------------------------------------------------  (80)     |                   |                   |
|10.578   |         [TCP Retransmission           |                   |                   |                   |                   |                   |                   |HTTP: [TCP Retransmission] Continuation or non-HTTP traffic
|         |(52670)  <--------------------------------------------------------------------------------------------------  (80)     |                   |                   |
|10.587   |         52670 > http [ACK]            |                   |                   |                   |                   |                   |                   |TCP: 52670 > http [ACK] Seq=245 Ack=5755 Win=1536 Len=0
|         |(52670)  -------------------------------------------------------------------------------------------------->  (80)     |                   |                   |
|10.587   |         Continuation or non           |                   |                   |                   |                   |                   |                   |HTTP: Continuation or non-HTTP traffic
|         |(52670)  <--------------------------------------------------------------------------------------------------  (80)     |                   |                   |
|20.557   |         [TCP Retransmission           |                   |                   |                   |                   |                   |                   |HTTP: [TCP Retransmission] Continuation or non-HTTP traffic
|         |(52670)  <--------------------------------------------------------------------------------------------------  (80)     |                   |                   |
|20.567   |         52670 > http [ACK]            |                   |                   |                   |                   |                   |                   |TCP: 52670 > http [ACK] Seq=245 Ack=7215 Win=1536 Len=0
|         |(52670)  -------------------------------------------------------------------------------------------------->  (80)     |                   |                   |
|20.567   |         Continuation or non           |                   |                   |                   |                   |                   |                   |HTTP: Continuation or non-HTTP traffic
|         |(52670)  <--------------------------------------------------------------------------------------------------  (80)     |                   |                   |
|28.847   |                   |                   |                   |                   |                   |                   |         Router Advertisemen           |ICMPv6: Router Advertisement
|         |                   |                   |                   |                   |                   |                   |(0)      ------------------>  (0)      |
|29.849   |         Standard query AAAA           |                   |                   |                   |                   |                   |                   |DNS: Standard query AAAA daisy.ubuntu.com
|         |(6451)   ------------------>  (53)     |                   |                   |                   |                   |                   |                   |
|29.874   |         Standard query resp           |                   |                   |                   |                   |                   |                   |DNS: Standard query response
|         |(6451)   <------------------  (53)     |                   |                   |                   |                   |                   |                   |
|29.874   |         Standard query AAAA           |                   |                   |                   |                   |                   |                   |DNS: Standard query AAAA daisy.ubuntu.com.localdomain
|         |(61607)  ------------------>  (53)     |                   |                   |                   |                   |                   |                   |
|29.910   |         Standard query resp           |                   |                   |                   |                   |                   |                   |DNS: Standard query response, No such name
|         |(61607)  <------------------  (53)     |                   |                   |                   |                   |                   |                   |
|29.910   |         Standard query A da           |                   |                   |                   |                   |                   |                   |DNS: Standard query A daisy.ubuntu.com
|         |(27497)  ------------------>  (53)     |                   |                   |                   |                   |                   |                   |
|29.935   |         Standard query resp           |                   |                   |                   |                   |                   |                   |DNS: Standard query response A 91.189.92.57 A 91.189.92.55
|         |(27497)  <------------------  (53)     |                   |                   |                   |                   |                   |                   |
|32.529   |         [TCP Retransmission           |                   |                   |                   |                   |                   |                   |HTTP: [TCP Retransmission] Continuation or non-HTTP traffic
|         |(52670)  <--------------------------------------------------------------------------------------------------  (80)     |                   |                   |
|32.539   |         52670 > http [ACK]            |                   |                   |                   |                   |                   |                   |TCP: 52670 > http [ACK] Seq=245 Ack=8675 Win=1536 Len=0
|         |(52670)  -------------------------------------------------------------------------------------------------->  (80)     |                   |                   |
|32.539   |         Continuation or non           |                   |                   |                   |                   |                   |                   |HTTP: Continuation or non-HTTP traffic
|         |(52670)  <--------------------------------------------------------------------------------------------------  (80)     |                   |                   |
|34.863   |                   |                   |         Who has 10.211.55.1           |                   |                   |                   |                   |ARP: Who has 10.211.55.1?  Tell 10.211.55.16
|         |                   |                   |(0)      -------------------------------------->  (0)      |                   |                   |                   |
|34.863   |                   |                   |         10.211.55.1 is at 0           |                   |                   |                   |                   |ARP: 10.211.55.1 is at 00:1c:42:00:00:18
|         |                   |                   |(0)      <--------------------------------------  (0)      |                   |                   |                   |
|44.502   |         [TCP Retransmission           |                   |                   |                   |                   |                   |                   |HTTP: [TCP Retransmission] Continuation or non-HTTP traffic
|         |(52670)  <--------------------------------------------------------------------------------------------------  (80)     |                   |                   |
|44.511   |         52670 > http [ACK]            |                   |                   |                   |                   |                   |                   |TCP: 52670 > http [ACK] Seq=245 Ack=10135 Win=1536 Len=0
|         |(52670)  -------------------------------------------------------------------------------------------------->  (80)     |                   |                   |
|44.511   |         Continuation or non           |                   |                   |                   |                   |                   |                   |HTTP: Continuation or non-HTTP traffic
|         |(52670)  <--------------------------------------------------------------------------------------------------  (80)     |                   |                   |
|56.475   |         [TCP Retransmission           |                   |                   |                   |                   |                   |                   |HTTP: [TCP Retransmission] Continuation or non-HTTP traffic
|         |(52670)  <--------------------------------------------------------------------------------------------------  (80)     |                   |                   |
|56.491   |         52670 > http [ACK]            |                   |                   |                   |                   |                   |                   |TCP: 52670 > http [ACK] Seq=245 Ack=11595 Win=1536 Len=0
|         |(52670)  -------------------------------------------------------------------------------------------------->  (80)     |                   |                   |
|56.491   |         Continuation or non           |                   |                   |                   |                   |                   |                   |HTTP: Continuation or non-HTTP traffic
|         |(52670)  <--------------------------------------------------------------------------------------------------  (80)     |                   |                   |
|56.491   |         Continuation or non           |                   |                   |                   |                   |                   |                   |HTTP: Continuation or non-HTTP traffic
|         |(52670)  <--------------------------------------------------------------------------------------------------  (80)     |                   |                   |
|63.200   |         Standard query AAAA           |                   |                   |                   |                   |                   |                   |DNS: Standard query AAAA daisy.ubuntu.com
|         |(52359)  ------------------>  (53)     |                   |                   |                   |                   |                   |                   |
|63.224   |         Standard query resp           |                   |                   |                   |                   |                   |                   |DNS: Standard query response
|         |(52359)  <------------------  (53)     |                   |                   |                   |                   |                   |                   |
|63.225   |         Standard query AAAA           |                   |                   |                   |                   |                   |                   |DNS: Standard query AAAA daisy.ubuntu.com.localdomain
|         |(16160)  ------------------>  (53)     |                   |                   |                   |                   |                   |                   |
|63.250   |         Standard query resp           |                   |                   |                   |                   |                   |                   |DNS: Standard query response, No such name
|         |(16160)  <------------------  (53)     |                   |                   |                   |                   |                   |                   |
|63.250   |         Standard query A da           |                   |                   |                   |                   |                   |                   |DNS: Standard query A daisy.ubuntu.com
|         |(58128)  ------------------>  (53)     |                   |                   |                   |                   |                   |                   |
|63.274   |         Standard query resp           |                   |                   |                   |                   |                   |                   |DNS: Standard query response A 91.189.92.55 A 91.189.92.57
|         |(58128)  <------------------  (53)     |                   |                   |                   |                   |                   |                   |
|64.201   |         Standard query AAAA           |                   |                   |                   |                   |                   |                   |DNS: Standard query AAAA daisy.ubuntu.com
|         |(51843)  ------------------>  (53)     |                   |                   |                   |                   |                   |                   |
|64.317   |         Standard query resp           |                   |                   |                   |                   |                   |                   |DNS: Standard query response
|         |(51843)  <------------------  (53)     |                   |                   |                   |                   |                   |                   |
|64.317   |         Standard query AAAA           |                   |                   |                   |                   |                   |                   |DNS: Standard query AAAA daisy.ubuntu.com.localdomain
|         |(6321)   ------------------>  (53)     |                   |                   |                   |                   |                   |                   |
|64.353   |         Standard query resp           |                   |                   |                   |                   |                   |                   |DNS: Standard query response, No such name
|         |(6321)   <------------------  (53)     |                   |                   |                   |                   |                   |                   |
|64.353   |         Standard query A da           |                   |                   |                   |                   |                   |                   |DNS: Standard query A daisy.ubuntu.com
|         |(44743)  ------------------>  (53)     |                   |                   |                   |                   |                   |                   |
|64.377   |         Standard query resp           |                   |                   |                   |                   |                   |                   |DNS: Standard query response A 91.189.92.57 A 91.189.92.55
|         |(44743)  <------------------  (53)     |                   |                   |                   |                   |                   |                   |
|68.207   |                   |                   |         Who has 10.211.55.1           |                   |                   |                   |                   |ARP: Who has 10.211.55.1?  Tell 10.211.55.16
|         |                   |                   |(0)      -------------------------------------->  (0)      |                   |                   |                   |
|68.207   |                   |                   |         10.211.55.1 is at 0           |                   |                   |                   |                   |ARP: 10.211.55.1 is at 00:1c:42:00:00:18
|         |                   |                   |(0)      <--------------------------------------  (0)      |                   |                   |                   |
|68.447   |         [TCP Retransmission           |                   |                   |                   |                   |                   |                   |HTTP: [TCP Retransmission] Continuation or non-HTTP traffic
|         |(52670)  <--------------------------------------------------------------------------------------------------  (80)     |                   |                   |
|68.467   |         52670 > http [ACK]            |                   |                   |                   |                   |                   |                   |TCP: 52670 > http [ACK] Seq=245 Ack=13055 Win=1536 Len=0
|         |(52670)  -------------------------------------------------------------------------------------------------->  (80)     |                   |                   |
|68.467   |         [TCP Retransmission           |                   |                   |                   |                   |                   |                   |HTTP: [TCP Retransmission] Continuation or non-HTTP traffic
|         |(52670)  <--------------------------------------------------------------------------------------------------  (80)     |                   |                   |
|80.419   |         [TCP Retransmission           |                   |                   |                   |                   |                   |                   |HTTP: [TCP Retransmission] Continuation or non-HTTP traffic
|         |(52670)  <--------------------------------------------------------------------------------------------------  (80)     |                   |                   |
|80.435   |         52670 > http [FIN,            |                   |                   |                   |                   |                   |                   |TCP: 52670 > http [FIN, ACK] Seq=245 Ack=13072 Win=1536 Len=0
|         |(52670)  -------------------------------------------------------------------------------------------------->  (80)     |                   |                   |
|80.435   |         http > 52670 [FIN,            |                   |                   |                   |                   |                   |                   |TCP: http > 52670 [FIN, ACK] Seq=13072 Ack=246 Win=32768 Len=0
|         |(52670)  <--------------------------------------------------------------------------------------------------  (80)     |                   |                   |
|92.393   |         http > 52670 [FIN,            |                   |                   |                   |                   |                   |                   |TCP: http > 52670 [FIN, ACK] Seq=13072 Ack=246 Win=32768 Len=0
|         |(52670)  <--------------------------------------------------------------------------------------------------  (80)     |                   |                   |
|92.395   |         52670 > http [FIN,            |                   |                   |                   |                   |                   |                   |TCP: 52670 > http [FIN, ACK] Seq=245 Ack=13073 Win=1536 Len=0
|         |(52670)  -------------------------------------------------------------------------------------------------->  (80)     |                   |                   |
|92.395   |         [TCP Dup ACK 66#1]            |                   |                   |                   |                   |                   |                   |TCP: [TCP Dup ACK 66#1] http > 52670 [ACK] Seq=13073 Ack=246 Win=32768 Len=0
|         |(52670)  <--------------------------------------------------------------------------------------------------  (80)     |                   |                   |
|118.299  |         Standard query A da           |                   |                   |                   |                   |                   |                   |DNS: Standard query A david.choffnes.com
|         |(13165)  ------------------>  (53)     |                   |                   |                   |                   |                   |                   |
|118.337  |         Standard query resp           |                   |                   |                   |                   |                   |                   |DNS: Standard query response A 216.97.236.245
|         |(13165)  <------------------  (53)     |                   |                   |                   |                   |                   |                   |
|118.347  |                   |                   |         Who has 10.211.55.1           |                   |                   |                   |                   |ARP: Who has 10.211.55.1?  Tell 10.211.55.16
|         |                   |                   |(0)      ------------------>  (0)      |                   |                   |                   |                   |
|118.347  |                   |                   |         10.211.55.1 is at 0           |                   |                   |                   |                   |ARP: 10.211.55.1 is at 00:1c:42:00:00:18
|         |                   |                   |(0)      <--------------------------------------  (0)      |                   |                   |                   |
|118.360  |         43223 > http [SYN]            |                   |                   |                   |                   |                   |                   |TCP: 43223 > http [SYN] Seq=0 Win=1536 Len=0
|         |(43223)  -------------------------------------------------------------------------------------------------->  (80)     |                   |                   |
|118.433  |         http > 43223 [SYN,            |                   |                   |                   |                   |                   |                   |TCP: http > 43223 [SYN, ACK] Seq=0 Ack=1 Win=32768 Len=0 MSS=1460 WS=1
|         |(43223)  <--------------------------------------------------------------------------------------------------  (80)     |                   |                   |
|118.443  |         43223 > http [ACK]            |                   |                   |                   |                   |                   |                   |TCP: 43223 > http [ACK] Seq=1 Ack=1 Win=1536 Len=0
|         |(43223)  -------------------------------------------------------------------------------------------------->  (80)     |                   |                   |
|118.451  |         GET / HTTP/1.1                |                   |                   |                   |                   |                   |                   |HTTP: GET / HTTP/1.1 
|         |(43223)  -------------------------------------------------------------------------------------------------->  (80)     |                   |                   |
|118.451  |         http > 43223 [ACK]            |                   |                   |                   |                   |                   |                   |TCP: http > 43223 [ACK] Seq=1 Ack=245 Win=32768 Len=0
|         |(43223)  <--------------------------------------------------------------------------------------------------  (80)     |                   |                   |
|118.567  |         [TCP segment of a r           |                   |                   |                   |                   |                   |                   |TCP: [TCP segment of a reassembled PDU]
|         |(43223)  <--------------------------------------------------------------------------------------------------  (80)     |                   |                   |
|118.583  |         43223 > http [ACK]            |                   |                   |                   |                   |                   |                   |TCP: 43223 > http [ACK] Seq=245 Ack=1375 Win=1536 Len=0
|         |(43223)  -------------------------------------------------------------------------------------------------->  (80)     |                   |                   |
|118.583  |         [TCP segment of a r           |                   |                   |                   |                   |                   |                   |TCP: [TCP segment of a reassembled PDU]
|         |(43223)  <--------------------------------------------------------------------------------------------------  (80)     |                   |                   |
|119.856  |         [TCP Retransmission           |                   |                   |                   |                   |                   |                   |TCP: [TCP Retransmission] [TCP segment of a reassembled PDU]
|         |(43223)  <--------------------------------------------------------------------------------------------------  (80)     |                   |                   |
|119.867  |         43223 > http [ACK]            |                   |                   |                   |                   |                   |                   |TCP: 43223 > http [ACK] Seq=245 Ack=2835 Win=1536 Len=0
|         |(43223)  -------------------------------------------------------------------------------------------------->  (80)     |                   |                   |
|119.867  |         Continuation or non           |                   |                   |                   |                   |                   |                   |HTTP: Continuation or non-HTTP traffic
|         |(43223)  <--------------------------------------------------------------------------------------------------  (80)     |                   |                   |
|122.850  |         [TCP Retransmission           |                   |                   |                   |                   |                   |                   |HTTP: [TCP Retransmission] Continuation or non-HTTP traffic
|         |(43223)  <--------------------------------------------------------------------------------------------------  (80)     |                   |                   |
|122.859  |         43223 > http [ACK]            |                   |                   |                   |                   |                   |                   |TCP: 43223 > http [ACK] Seq=245 Ack=4295 Win=1536 Len=0
|         |(43223)  -------------------------------------------------------------------------------------------------->  (80)     |                   |                   |
|122.859  |         Continuation or non           |                   |                   |                   |                   |                   |                   |HTTP: Continuation or non-HTTP traffic
|         |(43223)  <--------------------------------------------------------------------------------------------------  (80)     |                   |                   |
|128.836  |         [TCP Retransmission           |                   |                   |                   |                   |                   |                   |HTTP: [TCP Retransmission] Continuation or non-HTTP traffic
|         |(43223)  <--------------------------------------------------------------------------------------------------  (80)     |                   |                   |
|128.843  |         43223 > http [ACK]            |                   |                   |                   |                   |                   |                   |TCP: 43223 > http [ACK] Seq=245 Ack=5755 Win=1536 Len=0
|         |(43223)  -------------------------------------------------------------------------------------------------->  (80)     |                   |                   |
|128.843  |         Continuation or non           |                   |                   |                   |                   |                   |                   |HTTP: Continuation or non-HTTP traffic
|         |(43223)  <--------------------------------------------------------------------------------------------------  (80)     |                   |                   |
|140.809  |         [TCP Retransmission           |                   |                   |                   |                   |                   |                   |HTTP: [TCP Retransmission] Continuation or non-HTTP traffic
|         |(43223)  <--------------------------------------------------------------------------------------------------  (80)     |                   |                   |
|140.819  |         43223 > http [ACK]            |                   |                   |                   |                   |                   |                   |TCP: 43223 > http [ACK] Seq=245 Ack=7215 Win=1536 Len=0
|         |(43223)  -------------------------------------------------------------------------------------------------->  (80)     |                   |                   |
|140.819  |         Continuation or non           |                   |                   |                   |                   |                   |                   |HTTP: Continuation or non-HTTP traffic
|         |(43223)  <--------------------------------------------------------------------------------------------------  (80)     |                   |                   |
|152.782  |         [TCP Retransmission           |                   |                   |                   |                   |                   |                   |HTTP: [TCP Retransmission] Continuation or non-HTTP traffic
|         |(43223)  <--------------------------------------------------------------------------------------------------  (80)     |                   |                   |
|152.795  |         43223 > http [ACK]            |                   |                   |                   |                   |                   |                   |TCP: 43223 > http [ACK] Seq=245 Ack=8675 Win=1536 Len=0
|         |(43223)  -------------------------------------------------------------------------------------------------->  (80)     |                   |                   |
|152.795  |         Continuation or non           |                   |                   |                   |                   |                   |                   |HTTP: Continuation or non-HTTP traffic
|         |(43223)  <--------------------------------------------------------------------------------------------------  (80)     |                   |                   |
|164.755  |         [TCP Retransmission           |                   |                   |                   |                   |                   |                   |HTTP: [TCP Retransmission] Continuation or non-HTTP traffic
|         |(43223)  <--------------------------------------------------------------------------------------------------  (80)     |                   |                   |
|164.771  |         43223 > http [ACK]            |                   |                   |                   |                   |                   |                   |TCP: 43223 > http [ACK] Seq=245 Ack=10135 Win=1536 Len=0
|         |(43223)  -------------------------------------------------------------------------------------------------->  (80)     |                   |                   |
|164.771  |         Continuation or non           |                   |                   |                   |                   |                   |                   |HTTP: Continuation or non-HTTP traffic
|         |(43223)  <--------------------------------------------------------------------------------------------------  (80)     |                   |                   |
|176.727  |         [TCP Retransmission           |                   |                   |                   |                   |                   |                   |HTTP: [TCP Retransmission] Continuation or non-HTTP traffic
|         |(43223)  <--------------------------------------------------------------------------------------------------  (80)     |                   |                   |
|176.739  |         43223 > http [ACK]            |                   |                   |                   |                   |                   |                   |TCP: 43223 > http [ACK] Seq=245 Ack=11595 Win=1536 Len=0
|         |(43223)  -------------------------------------------------------------------------------------------------->  (80)     |                   |                   |
|176.739  |         Continuation or non           |                   |                   |                   |                   |                   |                   |HTTP: Continuation or non-HTTP traffic
|         |(43223)  <--------------------------------------------------------------------------------------------------  (80)     |                   |                   |
|176.739  |         Continuation or non           |                   |                   |                   |                   |                   |                   |HTTP: Continuation or non-HTTP traffic
|         |(43223)  <--------------------------------------------------------------------------------------------------  (80)     |                   |                   |
|188.700  |         [TCP Retransmission           |                   |                   |                   |                   |                   |                   |HTTP: [TCP Retransmission] Continuation or non-HTTP traffic
|         |(43223)  <--------------------------------------------------------------------------------------------------  (80)     |                   |                   |
|188.711  |         43223 > http [ACK]            |                   |                   |                   |                   |                   |                   |TCP: 43223 > http [ACK] Seq=245 Ack=13055 Win=1536 Len=0
|         |(43223)  -------------------------------------------------------------------------------------------------->  (80)     |                   |                   |
|188.711  |         [TCP Retransmission           |                   |                   |                   |                   |                   |                   |HTTP: [TCP Retransmission] Continuation or non-HTTP traffic
|         |(43223)  <--------------------------------------------------------------------------------------------------  (80)     |                   |                   |
|200.672  |         [TCP Retransmission           |                   |                   |                   |                   |                   |                   |HTTP: [TCP Retransmission] Continuation or non-HTTP traffic
|         |(43223)  <--------------------------------------------------------------------------------------------------  (80)     |                   |                   |
|200.683  |         43223 > http [FIN,            |                   |                   |                   |                   |                   |                   |TCP: 43223 > http [FIN, ACK] Seq=245 Ack=13072 Win=1536 Len=0
|         |(43223)  -------------------------------------------------------------------------------------------------->  (80)     |                   |                   |
|200.683  |         http > 43223 [FIN,            |                   |                   |                   |                   |                   |                   |TCP: http > 43223 [FIN, ACK] Seq=13072 Ack=246 Win=32768 Len=0
|         |(43223)  <--------------------------------------------------------------------------------------------------  (80)     |                   |                   |
|214.578  |         http > 43223 [FIN,            |                   |                   |                   |                   |                   |                   |TCP: http > 43223 [FIN, ACK] Seq=13072 Ack=246 Win=32768 Len=0
|         |(43223)  <--------------------------------------------------------------------------------------------------  (80)     |                   |                   |
|214.579  |         43223 > http [FIN,            |                   |                   |                   |                   |                   |                   |TCP: 43223 > http [FIN, ACK] Seq=245 Ack=13073 Win=1536 Len=0
|         |(43223)  -------------------------------------------------------------------------------------------------->  (80)     |                   |                   |
|214.580  |         [TCP Dup ACK 109#1]           |                   |                   |                   |                   |                   |                   |TCP: [TCP Dup ACK 109#1] http > 43223 [ACK] Seq=13073 Ack=246 Win=32768 Len=0
|         |(43223)  <--------------------------------------------------------------------------------------------------  (80)     |                   |                   |
|276.136  |         DHCP Request  - Tra           |                   |                   |                   |                   |                   |                   |DHCP: DHCP Request  - Transaction ID 0x4ab23b3d
|         |(68)     ------------------>  (67)     |                   |                   |                   |                   |                   |                   |
|276.138  |         DHCP ACK      - Tra           |                   |                   |                   |                   |                   |                   |DHCP: DHCP ACK      - Transaction ID 0x4ab23b3d
|         |(68)     <------------------  (67)     |                   |                   |                   |                   |                   |                   |
|281.147  |                   |                   |         Who has 10.211.55.1           |                   |                   |                   |                   |ARP: Who has 10.211.55.1?  Tell 10.211.55.16
|         |                   |                   |(0)      -------------------------------------->  (0)      |                   |                   |                   |
|281.147  |                   |                   |         10.211.55.1 is at 0           |                   |                   |                   |                   |ARP: 10.211.55.1 is at 00:1c:42:00:00:18
|         |                   |                   |(0)      <--------------------------------------  (0)      |                   |                   |                   |
